[[Revelation] T1 Buffer Anticap]	BPC	             -0	Market	     1066666000	Manufacturing Job cost	       75469840	Manufacturing market Cost	      667545500	Total	     1809681300
[[Naglfar] Capsule :(          ]	BPC	             -0	Market	      699860800	Manufacturing Job cost	      178468210	Manufacturing market Cost	      941966500	Total	     1820295600
[[Revelation] T2 Long Range Refit]	BPC	             -0	Market	      613559040	Manufacturing Job cost	      110973730	Manufacturing market Cost	      753411460	Total	     1477944200
[[Phoenix] T2 Buffer Anti-cap  ]	BPC	             -0	Market	      508239000	Manufacturing Job cost	      108703250	Manufacturing market Cost	      785955140	Total	     1402897400
[[Moros] T2 Buffer Anti-cap LR Refit]	BPC	             -0	Market	      173964000	Manufacturing Job cost	      109315170	Manufacturing market Cost	      628713100	Total	      911992260
[[Phoenix] T2 High-Angle Refit ]	BPC	             -0	Market	      238429900	Manufacturing Job cost	      173044640	Manufacturing market Cost	     1061796200	Total	     1473270800
[[Nyx] Standard                ]	BPC	             -0	Market	    14721113000	Manufacturing Job cost	      217026990	Manufacturing market Cost	     1740187000	Total	    16678326000
[[Moros] T2 Buffer Anti-cap    ]	BPC	             -0	Market	      510506000	Manufacturing Job cost	      163624850	Manufacturing market Cost	      930814600	Total	     1604945400
[[Wyvern] Standard             ]	BPC	             -0	Market	    11926075000	Manufacturing Job cost	      183711380	Manufacturing market Cost	     1454300400	Total	    13564087000
[[Moros] T2 LRR                ]	BPC	             -0	Market	      602704000	Manufacturing Job cost	      167801550	Manufacturing market Cost	     1005768400	Total	     1776273900
[[Naglfar Fleet Issue] T2 Buffer Anti-cap SR]	BPC	             -0	Market	      919396000	Manufacturing Job cost	      133808610	Manufacturing market Cost	      753581000	Total	     1806785500
[[Revelation Navy Issue] T2 Long Range]	BPC	             -0	Market	     1253941000	Manufacturing Job cost	      169883900	Manufacturing market Cost	     1149224400	Total	     2573049300
[[Revelation Navy Issue] T2 Buffer Standard]	BPC	             -0	Market	     1169166000	Manufacturing Job cost	      171547980	Manufacturing market Cost	     1093708200	Total	     2434422300
[[Phoenix] T1 High-Angle Refit ]	BPC	             -0	Market	      748529600	Manufacturing Job cost	       40870570	Manufacturing market Cost	      433288320	Total	     1222688500
[[Revelation] T1 Active Anticap]	BPC	             -0	Market	      934981000	Manufacturing Job cost	       56369870	Manufacturing market Cost	      665020000	Total	     1656371000
[[Apostle] T1 Active Standard  ]	BPC	             -0	Market	      694213500	Manufacturing Job cost	       53976400	Manufacturing market Cost	      435570620	Total	     1183760500
[[Naglfar] T1 High-Angle       ]	BPC	             -0	Market	      941245700	Manufacturing Job cost	       26090958	Manufacturing market Cost	      270657800	Total	     1237994500
[[Minokawa] Buffer Standard    ]	BPC	             -0	Market	      501687360	Manufacturing Job cost	       57724348	Manufacturing market Cost	      354517400	Total	      913929100
[[Ragnarok] Standard           ]	BPC	             -0	Market	    14595324000	Manufacturing Job cost	      478802620	Manufacturing market Cost	     3438494000	Total	    18512622000
[[Apostle] T2 Active Standard  ]	BPC	             -0	Market	      822293500	Manufacturing Job cost	       64679176	Manufacturing market Cost	      453299070	Total	     1340271700
[[Revelation] T1 Buffer Long Range Refit]	BPC	             -0	Market	     1151441000	Manufacturing Job cost	       78242264	Manufacturing market Cost	      695282750	Total	     1924966100
[[Revelation] T1 High-Angle Refit]	BPC	             -0	Market	      984265000	Manufacturing Job cost	        6480649	Manufacturing market Cost	       72502730	Total	     1063248400
[[Phoenix] T2 Buffer Anti-cap LR Refit]	BPC	             -0	Market	      201476000	Manufacturing Job cost	       78822860	Manufacturing market Cost	      566717300	Total	      847016200
[[Phoenix Navy Issue] Beehive PNI]	BPC	             -0	Market	      729875500	Manufacturing Job cost	      171640940	Manufacturing market Cost	     1002141300	Total	     1903657700
[[Moros Navy Issue] T2 Buffer Standard]	BPC	             -0	Market	      593692000	Manufacturing Job cost	      173373200	Manufacturing market Cost	     1025489600	Total	     1792554800
[[Naglfar] T1 Buffer Anti-cap SR]	BPC	             -0	Market	      905452000	Manufacturing Job cost	       60177636	Manufacturing market Cost	      471246560	Total	     1436876300
[[Ninazu] T2 Active Standard   ]	BPC	             -0	Market	      976231000	Manufacturing Job cost	       60332060	Manufacturing market Cost	      451228000	Total	     1487791000
[[Revelation Navy Issue] CRABelation NI]	BPC	             -0	Market	      820679400	Manufacturing Job cost	      175360400	Manufacturing market Cost	     1016590800	Total	     2012630500
[[Apostle] Buffer Standard     ]	BPC	             -0	Market	      388544480	Manufacturing Job cost	       70513680	Manufacturing market Cost	      493490500	Total	      952548700
[[Phoenix] T2 Active Anti-cap  ]	BPC	             -0	Market	      390698460	Manufacturing Job cost	      151310940	Manufacturing market Cost	      999281800	Total	     1541291300
[[Phoenix] Hooked on Phoenix   ]	BPC	             -0	Market	      869380300	Manufacturing Job cost	      123027816	Manufacturing market Cost	      802896100	Total	     1795304200
[[Naglfar] T2 Active HAW Refit ]	BPC	             -0	Market	      171646000	Manufacturing Job cost	      109854290	Manufacturing market Cost	      571502900	Total	      853003200
[[Revelation] T1 Long Range Refit]	BPC	             -0	Market	      613559040	Manufacturing Job cost	       25666924	Manufacturing market Cost	      282421440	Total	      921647400
[[Revelation] T2 Buffer Anticap]	BPC	             -0	Market	     1066666000	Manufacturing Job cost	      171359820	Manufacturing market Cost	     1092771500	Total	     2330797300
[[Moros] CRABos                ]	BPC	             -0	Market	      605057660	Manufacturing Job cost	      179529620	Manufacturing market Cost	      953420350	Total	     1738007600
[[Leviathan] Standard          ]	BPC	             -0	Market	    15634607000	Manufacturing Job cost	      297208060	Manufacturing market Cost	     2449257200	Total	    18381072000
[[Revelation] T2 High-Angle    ]	BPC	             -0	Market	      970637000	Manufacturing Job cost	      157207420	Manufacturing market Cost	     1050442100	Total	     2178286600
[[Phoenix] T1 Active Anti-cap  ]	BPC	             -0	Market	      359126000	Manufacturing Job cost	       58855948	Manufacturing market Cost	      635991360	Total	     1053973300
[[Chimera] Support             ]	BPC	             -0	Market	     1007474000	Manufacturing Job cost	       26544330	Manufacturing market Cost	      276350620	Total	     1310368900
[[Phoenix] T2 Active Anti-cap HAW Refit]	BPC	             -0	Market	      238420900	Manufacturing Job cost	      101455590	Manufacturing market Cost	      642379970	Total	      982256450
[[Moros Navy Issue] T2 Buffer Long Range Refit]	BPC	             -0	Market	      684843000	Manufacturing Job cost	      172701360	Manufacturing market Cost	     1053146300	Total	     1910690700
[[Nidhoggur] Standard          ]	BPC	             -0	Market	      879792100	Manufacturing Job cost	      116454350	Manufacturing market Cost	      838467600	Total	     1834714100
[[Ninazu] T1 Active Standard   ]	BPC	             -0	Market	      976222600	Manufacturing Job cost	       60332064	Manufacturing market Cost	      451113470	Total	     1487668100
[[Phoenix] T1 Active Anti-cap HAW Refit]	BPC	             -0	Market	      748520600	Manufacturing Job cost	        8874945	Manufacturing market Cost	       92607920	Total	      850003460
[[Phoenix Navy Issue] T2 Buffer Anti-cap LR Refit]	BPC	             -0	Market	      201476000	Manufacturing Job cost	       78822860	Manufacturing market Cost	      566687400	Total	      846986300
[[Revelation] T2 Buffer Long Range]	BPC	             -0	Market	     1151441000	Manufacturing Job cost	      165809150	Manufacturing market Cost	     1105354600	Total	     2422604800
[[Lif] T2 Active Standard      ]	BPC	             -0	Market	      612313900	Manufacturing Job cost	       68005520	Manufacturing market Cost	      450260900	Total	     1130580400
[[Moros] T1 Buffer Anti-cap    ]	BPC	             -0	Market	      493995000	Manufacturing Job cost	       71103280	Manufacturing market Cost	      613892030	Total	     1178990300
[[Naglfar] T2 Buffer Anti-cap SR]	BPC	             -0	Market	      921391000	Manufacturing Job cost	      132770056	Manufacturing market Cost	      750416900	Total	     1804577900
[[Revelation] T2 High-Angle Refit]	BPC	             -0	Market	      684265000	Manufacturing Job cost	       94297860	Manufacturing market Cost	      611650050	Total	     1390212900
[[Phoenix Navy Issue] T2 Buffer Standard]	BPC	             -0	Market	      754489000	Manufacturing Job cost	      108587560	Manufacturing market Cost	      785441860	Total	     1648518400
[[Apostle] ARX Standard        ]	BPC	             -0	Market	     2930213600	Manufacturing Job cost	       61715250	Manufacturing market Cost	      422280960	Total	     3414209800
[[Revelation] T2 Active Anticap]	BPC	             -0	Market	     1015961000	Manufacturing Job cost	      166128560	Manufacturing market Cost	     1084214000	Total	     2266303500
[[Chimera] Standard            ]	BPC	             -0	Market	      695442100	Manufacturing Job cost	       89267800	Manufacturing market Cost	      807095400	Total	     1591805300
[[Revelation] T1 High-Angle    ]	BPC	             -0	Market	     1270637000	Manufacturing Job cost	       36048424	Manufacturing market Cost	      434767970	Total	     1741453400
[[Minokawa] T1 Active Standard ]	BPC	             -0	Market	      507566460	Manufacturing Job cost	       52746344	Manufacturing market Cost	      408754600	Total	      969067400
[[Moros] T1 Buffer Anti-cap LR Refit]	BPC	             -0	Market	      167861010	Manufacturing Job cost	       27633790	Manufacturing market Cost	      313496830	Total	      508991600
[[Revelation] CRABelation      ]	BPC	             -0	Market	      520423500	Manufacturing Job cost	      142742610	Manufacturing market Cost	      951389500	Total	     1614555600
[[Hel] Standard                ]	BPC	             -0	Market	    11745533000	Manufacturing Job cost	      208263170	Manufacturing market Cost	     1574319600	Total	    13528115000
[[Archon] Standard             ]	BPC	             -0	Market	      905285400	Manufacturing Job cost	      118400210	Manufacturing market Cost	      760560800	Total	     1784246300
[[Moros Navy Issue] T2 Buffer Anti-cap LR Refit]	BPC	             -0	Market	      174193010	Manufacturing Job cost	      114100400	Manufacturing market Cost	      675522500	Total	      963815940
[[Aeon] Standard               ]	BPC	             -0	Market	    14462944000	Manufacturing Job cost	      217950350	Manufacturing market Cost	     1751201000	Total	    16432095000
[[Moros Navy Issue] CRABos NI  ]	BPC	             -0	Market	      622512800	Manufacturing Job cost	      188620060	Manufacturing market Cost	      926242940	Total	     1737375700
[[Naglfar] T2 High-Angle       ]	BPC	             -0	Market	      531088000	Manufacturing Job cost	      135829900	Manufacturing market Cost	      754949100	Total	     1421867000
[[Minokawa] ARX Standard       ]	BPC	             -0	Market	     2624066600	Manufacturing Job cost	       59531176	Manufacturing market Cost	      384845500	Total	     3068443400
[[Zirnitra] T2 Buffer Standard ]	BPC	             -0	Market	      520517000	Manufacturing Job cost	       58066200	Manufacturing market Cost	      385802620	Total	      964385800
[[Phoenix Navy Issue] T2 LRR   ]	BPC	             -0	Market	      718926000	Manufacturing Job cost	      109189490	Manufacturing market Cost	      792144450	Total	     1620260000
[[Phoenix] T2 LRR              ]	BPC	             -0	Market	      472676000	Manufacturing Job cost	      109305180	Manufacturing market Cost	      792622600	Total	     1374603800
[[Moros] T1 LRR                ]	BPC	             -0	Market	      596601000	Manufacturing Job cost	       77051180	Manufacturing market Cost	      683364540	Total	     1357016800
[[Lif] T1 Active Standard      ]	BPC	             -0	Market	      515113950	Manufacturing Job cost	       56599370	Manufacturing market Cost	      429487840	Total	     1001201150
[[Naglfar] T2 Active Anti-cap  ]	BPC	             -0	Market	      531828900	Manufacturing Job cost	      114418030	Manufacturing market Cost	      725831600	Total	     1372078600
[[Naglfar] T1 Active HAW Refit ]	BPC	             -0	Market	      600730700	Manufacturing Job cost	        8991059	Manufacturing market Cost	       92963700	Total	      702685440
[[Naglfar] T1 Active Anti-cap  ]	BPC	             -0	Market	      524116000	Manufacturing Job cost	       42045976	Manufacturing market Cost	      446107070	Total	     1012269060
[[Revelation Navy Issue] T2 Long Range Refit]	BPC	             -0	Market	      613559040	Manufacturing Job cost	      108319980	Manufacturing market Cost	      730432600	Total	     1452311600
[[Thanatos] Standard           ]	BPC	             -0	Market	      949382100	Manufacturing Job cost	      122728170	Manufacturing market Cost	      803851300	Total	     1875961600
[[Minokawa] T2 Active Standard ]	BPC	             -0	Market	      604766460	Manufacturing Job cost	       62678776	Manufacturing market Cost	      419595260	Total	     1087040500
[[Phoenix] T1 Buffer Anti-cap  ]	BPC	             -0	Market	      447843000	Manufacturing Job cost	       47138230	Manufacturing market Cost	      503076770	Total	      998058000
[Rorqual                       ]	BPC	             -0	Market	              0	Manufacturing Job cost	      634440960	Manufacturing market Cost	     3273028900	Total	     3907469800
[Avalanche                     ]	BPC	             -0	Market	              0	Manufacturing Job cost	      347280300	Manufacturing market Cost	     1320800400	Total	     1668080600
[Obelisk                       ]	BPC	             -0	Market	              0	Manufacturing Job cost	      301975900	Manufacturing market Cost	     1392899600	Total	     1694875500
[Charon                        ]	BPC	             -0	Market	              0	Manufacturing Job cost	      300950050	Manufacturing market Cost	     1368023400	Total	     1668973400
[Providence                    ]	BPC	             -0	Market	              0	Manufacturing Job cost	      297391400	Manufacturing market Cost	     1379455700	Total	     1676847100
[Ark                           ]	BPC	             -0	Market	              0	Manufacturing Job cost	     1699385500	Manufacturing market Cost	     5467325400	Total	     7166711000
[Nomad                         ]	BPC	             -0	Market	              0	Manufacturing Job cost	     1977361700	Manufacturing market Cost	     5025485000	Total	     7002846000
[Fenrir                        ]	BPC	             -0	Market	              0	Manufacturing Job cost	      296323070	Manufacturing market Cost	     1324541000	Total	     1620864100
[Anshar                        ]	BPC	             -0	Market	              0	Manufacturing Job cost	     1981602200	Manufacturing market Cost	     5283123700	Total	     7264726000
[Rhea                          ]	BPC	             -0	Market	              0	Manufacturing Job cost	     1876435500	Manufacturing market Cost	     5523715600	Total	     7400151000
[Zirnitra                      ]	BPC	     1000000000	Market	              0	Manufacturing Job cost	      705393300	Manufacturing market Cost	     2735608300	Total	     4441001500
[Moros                         ]	BPC	             -0	Market	              0	Manufacturing Job cost	      497535780	Manufacturing market Cost	     1994910500	Total	     2492446200
[Nidhoggur                     ]	BPC	             -0	Market	              0	Manufacturing Job cost	      578280500	Manufacturing market Cost	     2488053000	Total	     3066333400
[Ninazu                        ]	BPC	             -0	Market	              0	Manufacturing Job cost	      801189400	Manufacturing market Cost	     3731873300	Total	     4533062700
[Moros Navy Issue              ]	BPC	     1200000000	Market	              0	Manufacturing Job cost	      535102880	Manufacturing market Cost	     2197718300	Total	     3932821200
[Chimera                       ]	BPC	             -0	Market	              0	Manufacturing Job cost	      576018050	Manufacturing market Cost	     2520530400	Total	     3096548400
[Naglfar                       ]	BPC	             -0	Market	              0	Manufacturing Job cost	      494156060	Manufacturing market Cost	     1929024000	Total	     2423180000
[Apostle                       ]	BPC	             -0	Market	              0	Manufacturing Job cost	      795694900	Manufacturing market Cost	     3724534500	Total	     4520229400
[Lif                           ]	BPC	             -0	Market	              0	Manufacturing Job cost	      794081100	Manufacturing market Cost	     3574643200	Total	     4368724500
[Archon                        ]	BPC	             -0	Market	              0	Manufacturing Job cost	      579822850	Manufacturing market Cost	     2622356500	Total	     3202179300
[Thanatos                      ]	BPC	             -0	Market	              0	Manufacturing Job cost	      585320260	Manufacturing market Cost	     2634470400	Total	     3219790600
[Revelation Navy Issue         ]	BPC	     1200000000	Market	              0	Manufacturing Job cost	      531815070	Manufacturing market Cost	     2196771300	Total	     3928586500
[Phoenix Navy Issue            ]	BPC	     1200000000	Market	              0	Manufacturing Job cost	      528882080	Manufacturing market Cost	     2136855900	Total	     3865738000
[Minokawa                      ]	BPC	             -0	Market	              0	Manufacturing Job cost	      792124000	Manufacturing market Cost	     3611194000	Total	     4403318300
[Aeon                          ]	BPC	             -0	Market	              0	Manufacturing Job cost	     7715677700	Manufacturing market Cost	    42490122000	Total	    50205800000
[Hel                           ]	BPC	             -0	Market	              0	Manufacturing Job cost	     7685644000	Manufacturing market Cost	    41783820000	Total	    49469465000
[Dagon                         ]	BPC	             -0	Market	              0	Manufacturing Job cost	      999593540	Manufacturing market Cost	     4869589000	Total	     5869182500
[Chemosh                       ]	BPC	             -0	Market	              0	Manufacturing Job cost	      577267700	Manufacturing market Cost	     2396500200	Total	     2973768000
[Sarathiel                     ]	BPC	             -0	Market	              0	Manufacturing Job cost	      573036860	Manufacturing market Cost	     2438482000	Total	     3011518700
[Caiman                        ]	BPC	             -0	Market	              0	Manufacturing Job cost	      610878700	Manufacturing market Cost	     2587261000	Total	     3198139600
[Naglfar Fleet Issue           ]	BPC	     1200000000	Market	              0	Manufacturing Job cost	      530579870	Manufacturing market Cost	     2117240800	Total	     3847820800
[Ragnarok                      ]	BPC	             -0	Market	              0	Manufacturing Job cost	    17427087000	Manufacturing market Cost	   144937580000	Total	   162364670000
[Valravn                       ]	BPC	             -0	Market	              0	Manufacturing Job cost	     2362636000	Manufacturing market Cost	     6366350300	Total	     8728987000
[Revelation                    ]	BPC	             -0	Market	              0	Manufacturing Job cost	      497421470	Manufacturing market Cost	     2007293200	Total	     2504714800
[Vehement                      ]	BPC	             -0	Market	              0	Manufacturing Job cost	      565169540	Manufacturing market Cost	     2388214800	Total	     2953384400
[Karura                        ]	BPC	             -0	Market	              0	Manufacturing Job cost	     2257995800	Manufacturing market Cost	     6916034600	Total	     9174030000
[Nyx                           ]	BPC	             -0	Market	              0	Manufacturing Job cost	     7713355000	Manufacturing market Cost	    42061200000	Total	    49774555000
[Revenant                      ]	BPC	             -0	Market	              0	Manufacturing Job cost	    10041290000	Manufacturing market Cost	    58411620000	Total	    68452910000
[Phoenix                       ]	BPC	             -0	Market	              0	Manufacturing Job cost	      494870850	Manufacturing market Cost	     1959040900	Total	     2453911800
[Vendetta                      ]	BPC	             -0	Market	              0	Manufacturing Job cost	    10034338000	Manufacturing market Cost	    57941697000	Total	    67976036000
[Wyvern                        ]	BPC	             -0	Market	              0	Manufacturing Job cost	     7705038000	Manufacturing market Cost	    42129820000	Total	    49834860000
[Molok                         ]	BPC	             -0	Market	              0	Manufacturing Job cost	    18567766000	Manufacturing market Cost	   156660880000	Total	   175228650000
[Avatar                        ]	BPC	             -0	Market	              0	Manufacturing Job cost	    17446472000	Manufacturing market Cost	   145986760000	Total	   163433230000
[Loggerhead                    ]	BPC	             -0	Market	              0	Manufacturing Job cost	      992856060	Manufacturing market Cost	     4817683500	Total	     5810539500
[Vanquisher                    ]	BPC	             -0	Market	              0	Manufacturing Job cost	    18570514000	Manufacturing market Cost	   156220720000	Total	   174791230000
[Bane                          ]	BPC	             -0	Market	              0	Manufacturing Job cost	     2100678900	Manufacturing market Cost	     6872528000	Total	     8973207000
[Hubris                        ]	BPC	             -0	Market	              0	Manufacturing Job cost	     2462845000	Manufacturing market Cost	     6599703000	Total	     9062547000
[Erebus                        ]	BPC	             -0	Market	              0	Manufacturing Job cost	    17466728000	Manufacturing market Cost	   145375040000	Total	   162841760000
[Leviathan                     ]	BPC	             -0	Market	              0	Manufacturing Job cost	    17420847000	Manufacturing market Cost	   145144450000	Total	   162565300000
[Azariel                       ]	BPC	             -0	Market	              0	Manufacturing Job cost	    18587140000	Manufacturing market Cost	   156381720000	Total	   174968860000
[Komodo                        ]	BPC	             -0	Market	              0	Manufacturing Job cost	    18563115000	Manufacturing market Cost	   156071170000	Total	   174634290000
